# JRE version: OpenJDK Runtime Environment Temurin-17.0.12+7 (17.0.12+7) (build 17.0.12+7)
# Java VM: OpenJDK 64-Bit Server VM Temurin-17.0.12+7 (17.0.12+7, mixed mode, tiered, compressed oops, compressed class ptrs, parallel gc, windows-amd64)
GC Precious Log:
 CPUs: 6 total, 6 available
 Memory: 16158M
 Large Page Support: Disabled
 NUMA Support: Disabled
 Compressed Oops: Enabled (32-bit)
 Alignments: Space 512K, Generation 512K, Heap 2M
 Heap Min Capacity: 100M
 Heap Initial Capacity: 100M
 Heap Max Capacity: 1G
 Pre-touch: Disabled
 Parallel Workers: 6
Heap:
 PSYoungGen      total 23552K, used 18445K [0x00000000eab00000, 0x00000000ec480000, 0x0000000100000000)
  eden space 22016K, 77% used [0x00000000eab00000,0x00000000ebb9f788,0x00000000ec080000)
  from space 1536K, 92% used [0x00000000ec180000,0x00000000ec2e3cb8,0x00000000ec300000)
  to   space 1536K, 0% used [0x00000000ec300000,0x00000000ec300000,0x00000000ec480000)
 ParOldGen       total 68608K, used 20488K [0x00000000c0000000, 0x00000000c4300000, 0x00000000eab00000)
  object space 68608K, 29% used [0x00000000c0000000,0x00000000c14020f8,0x00000000c4300000)
 Metaspace       used 42661K, committed 43584K, reserved 1114112K
  class space    used 4338K, committed 4736K, reserved 1048576K
GC Heap History (20 events):
Event: 2.028 GC heap before
{Heap before GC invocations=8 (full 1):
 PSYoungGen      total 27136K, used 26649K [0x00000000eab00000, 0x00000000ec980000, 0x0000000100000000)
  eden space 24576K, 99% used [0x00000000eab00000,0x00000000ec2fd778,0x00000000ec300000)
  from space 2560K, 81% used [0x00000000ec700000,0x00000000ec909028,0x00000000ec980000)
  to   space 2560K, 0% used [0x00000000ec480000,0x00000000ec480000,0x00000000ec700000)
 ParOldGen       total 68608K, used 6864K [0x00000000c0000000, 0x00000000c4300000, 0x00000000eab00000)
  object space 68608K, 10% used [0x00000000c0000000,0x00000000c06b4210,0x00000000c4300000)
 Metaspace       used 30248K, committed 30848K, reserved 1114112K
  class space    used 2937K, committed 3200K, reserved 1048576K
}
Event: 2.030 GC heap after
{Heap after GC invocations=8 (full 1):
 PSYoungGen      total 26624K, used 2531K [0x00000000eab00000, 0x00000000ecc80000, 0x0000000100000000)
  eden space 24064K, 0% used [0x00000000eab00000,0x00000000eab00000,0x00000000ec280000)
  from space 2560K, 98% used [0x00000000ec480000,0x00000000ec6f8e98,0x00000000ec700000)
  to   space 5120K, 0% used [0x00000000ec780000,0x00000000ec780000,0x00000000ecc80000)
 ParOldGen       total 68608K, used 8659K [0x00000000c0000000, 0x00000000c4300000, 0x00000000eab00000)
  object space 68608K, 12% used [0x00000000c0000000,0x00000000c0874eb8,0x00000000c4300000)
 Metaspace       used 30248K, committed 30848K, reserved 1114112K
  class space    used 2937K, committed 3200K, reserved 1048576K
}
Event: 2.356 GC heap before
{Heap before GC invocations=9 (full 1):
 PSYoungGen      total 26624K, used 26595K [0x00000000eab00000, 0x00000000ecc80000, 0x0000000100000000)
  eden space 24064K, 100% used [0x00000000eab00000,0x00000000ec280000,0x00000000ec280000)
  from space 2560K, 98% used [0x00000000ec480000,0x00000000ec6f8e98,0x00000000ec700000)
  to   space 5120K, 0% used [0x00000000ec780000,0x00000000ec780000,0x00000000ecc80000)
 ParOldGen       total 68608K, used 8659K [0x00000000c0000000, 0x00000000c4300000, 0x00000000eab00000)
  object space 68608K, 12% used [0x00000000c0000000,0x00000000c0874eb8,0x00000000c4300000)
 Metaspace       used 33960K, committed 34624K, reserved 1114112K
  class space    used 3387K, committed 3648K, reserved 1048576K
}
Event: 2.358 GC heap after
{Heap after GC invocations=9 (full 1):
 PSYoungGen      total 27648K, used 3586K [0x00000000eab00000, 0x00000000ecb80000, 0x0000000100000000)
  eden space 23552K, 0% used [0x00000000eab00000,0x00000000eab00000,0x00000000ec200000)
  from space 4096K, 87% used [0x00000000ec780000,0x00000000ecb00830,0x00000000ecb80000)
  to   space 4096K, 0% used [0x00000000ec380000,0x00000000ec380000,0x00000000ec780000)
 ParOldGen       total 68608K, used 8667K [0x00000000c0000000, 0x00000000c4300000, 0x00000000eab00000)
  object space 68608K, 12% used [0x00000000c0000000,0x00000000c0876eb8,0x00000000c4300000)
 Metaspace       used 33960K, committed 34624K, reserved 1114112K
  class space    used 3387K, committed 3648K, reserved 1048576K
}
Event: 2.494 GC heap before
{Heap before GC invocations=10 (full 1):
 PSYoungGen      total 27648K, used 12139K [0x00000000eab00000, 0x00000000ecb80000, 0x0000000100000000)
  eden space 23552K, 36% used [0x00000000eab00000,0x00000000eb35a5f0,0x00000000ec200000)
  from space 4096K, 87% used [0x00000000ec780000,0x00000000ecb00830,0x00000000ecb80000)
  to   space 4096K, 0% used [0x00000000ec380000,0x00000000ec380000,0x00000000ec780000)
 ParOldGen       total 68608K, used 8667K [0x00000000c0000000, 0x00000000c4300000, 0x00000000eab00000)
  object space 68608K, 12% used [0x00000000c0000000,0x00000000c0876eb8,0x00000000c4300000)
 Metaspace       used 35195K, committed 35840K, reserved 1114112K
  class space    used 3512K, committed 3776K, reserved 1048576K
}
Event: 2.497 GC heap after
{Heap after GC invocations=10 (full 1):
 PSYoungGen      total 26112K, used 2414K [0x00000000eab00000, 0x00000000ec800000, 0x0000000100000000)
  eden space 23552K, 0% used [0x00000000eab00000,0x00000000eab00000,0x00000000ec200000)
  from space 2560K, 94% used [0x00000000ec380000,0x00000000ec5db818,0x00000000ec600000)
  to   space 2048K, 0% used [0x00000000ec600000,0x00000000ec600000,0x00000000ec800000)
 ParOldGen       total 68608K, used 10318K [0x00000000c0000000, 0x00000000c4300000, 0x00000000eab00000)
  object space 68608K, 15% used [0x00000000c0000000,0x00000000c0a13978,0x00000000c4300000)
 Metaspace       used 35195K, committed 35840K, reserved 1114112K
  class space    used 3512K, committed 3776K, reserved 1048576K
}
Event: 2.497 GC heap before
{Heap before GC invocations=11 (full 2):
 PSYoungGen      total 26112K, used 2414K [0x00000000eab00000, 0x00000000ec800000, 0x0000000100000000)
  eden space 23552K, 0% used [0x00000000eab00000,0x00000000eab00000,0x00000000ec200000)
  from space 2560K, 94% used [0x00000000ec380000,0x00000000ec5db818,0x00000000ec600000)
  to   space 2048K, 0% used [0x00000000ec600000,0x00000000ec600000,0x00000000ec800000)
 ParOldGen       total 68608K, used 10318K [0x00000000c0000000, 0x00000000c4300000, 0x00000000eab00000)
  object space 68608K, 15% used [0x00000000c0000000,0x00000000c0a13978,0x00000000c4300000)
 Metaspace       used 35195K, committed 35840K, reserved 1114112K
  class space    used 3512K, committed 3776K, reserved 1048576K
}
Event: 2.515 GC heap after
{Heap after GC invocations=11 (full 2):
 PSYoungGen      total 26112K, used 0K [0x00000000eab00000, 0x00000000ec800000, 0x0000000100000000)
  eden space 23552K, 0% used [0x00000000eab00000,0x00000000eab00000,0x00000000ec200000)
  from space 2560K, 0% used [0x00000000ec380000,0x00000000ec380000,0x00000000ec600000)
  to   space 2048K, 0% used [0x00000000ec600000,0x00000000ec600000,0x00000000ec800000)
 ParOldGen       total 68608K, used 12436K [0x00000000c0000000, 0x00000000c4300000, 0x00000000eab00000)
  object space 68608K, 18% used [0x00000000c0000000,0x00000000c0c25318,0x00000000c4300000)
 Metaspace       used 35195K, committed 35840K, reserved 1114112K
  class space    used 3512K, committed 3776K, reserved 1048576K
}
Event: 2.843 GC heap before
{Heap before GC invocations=12 (full 2):
 PSYoungGen      total 26112K, used 23552K [0x00000000eab00000, 0x00000000ec800000, 0x0000000100000000)
  eden space 23552K, 100% used [0x00000000eab00000,0x00000000ec200000,0x00000000ec200000)
  from space 2560K, 0% used [0x00000000ec380000,0x00000000ec380000,0x00000000ec600000)
  to   space 2048K, 0% used [0x00000000ec600000,0x00000000ec600000,0x00000000ec800000)
 ParOldGen       total 68608K, used 12436K [0x00000000c0000000, 0x00000000c4300000, 0x00000000eab00000)
  object space 68608K, 18% used [0x00000000c0000000,0x00000000c0c25318,0x00000000c4300000)
 Metaspace       used 38296K, committed 39104K, reserved 1114112K
  class space    used 3835K, committed 4224K, reserved 1048576K
}
Event: 2.845 GC heap after
{Heap after GC invocations=12 (full 2):
 PSYoungGen      total 25088K, used 1714K [0x00000000eab00000, 0x00000000ec800000, 0x0000000100000000)
  eden space 23040K, 0% used [0x00000000eab00000,0x00000000eab00000,0x00000000ec180000)
  from space 2048K, 83% used [0x00000000ec600000,0x00000000ec7aca40,0x00000000ec800000)
  to   space 2560K, 0% used [0x00000000ec300000,0x00000000ec300000,0x00000000ec580000)
 ParOldGen       total 68608K, used 12444K [0x00000000c0000000, 0x00000000c4300000, 0x00000000eab00000)
  object space 68608K, 18% used [0x00000000c0000000,0x00000000c0c27318,0x00000000c4300000)
 Metaspace       used 38296K, committed 39104K, reserved 1114112K
  class space    used 3835K, committed 4224K, reserved 1048576K
}
Event: 2.969 GC heap before
{Heap before GC invocations=13 (full 2):
 PSYoungGen      total 25088K, used 24754K [0x00000000eab00000, 0x00000000ec800000, 0x0000000100000000)
  eden space 23040K, 100% used [0x00000000eab00000,0x00000000ec180000,0x00000000ec180000)
  from space 2048K, 83% used [0x00000000ec600000,0x00000000ec7aca40,0x00000000ec800000)
  to   space 2560K, 0% used [0x00000000ec300000,0x00000000ec300000,0x00000000ec580000)
 ParOldGen       total 68608K, used 12444K [0x00000000c0000000, 0x00000000c4300000, 0x00000000eab00000)
  object space 68608K, 18% used [0x00000000c0000000,0x00000000c0c27318,0x00000000c4300000)
 Metaspace       used 39038K, committed 39936K, reserved 1114112K
  class space    used 3957K, committed 4352K, reserved 1048576K
}
Event: 2.974 GC heap after
{Heap after GC invocations=13 (full 2):
 PSYoungGen      total 25088K, used 2161K [0x00000000eab00000, 0x00000000ec680000, 0x0000000100000000)
  eden space 22528K, 0% used [0x00000000eab00000,0x00000000eab00000,0x00000000ec100000)
  from space 2560K, 84% used [0x00000000ec300000,0x00000000ec51c480,0x00000000ec580000)
  to   space 1024K, 0% used [0x00000000ec580000,0x00000000ec580000,0x00000000ec680000)
 ParOldGen       total 68608K, used 14086K [0x00000000c0000000, 0x00000000c4300000, 0x00000000eab00000)
  object space 68608K, 20% used [0x00000000c0000000,0x00000000c0dc1970,0x00000000c4300000)
 Metaspace       used 39038K, committed 39936K, reserved 1114112K
  class space    used 3957K, committed 4352K, reserved 1048576K
}
Event: 3.049 GC heap before
{Heap before GC invocations=14 (full 2):
 PSYoungGen      total 25088K, used 24689K [0x00000000eab00000, 0x00000000ec680000, 0x0000000100000000)
  eden space 22528K, 100% used [0x00000000eab00000,0x00000000ec100000,0x00000000ec100000)
  from space 2560K, 84% used [0x00000000ec300000,0x00000000ec51c480,0x00000000ec580000)
  to   space 1024K, 0% used [0x00000000ec580000,0x00000000ec580000,0x00000000ec680000)
 ParOldGen       total 68608K, used 14086K [0x00000000c0000000, 0x00000000c4300000, 0x00000000eab00000)
  object space 68608K, 20% used [0x00000000c0000000,0x00000000c0dc1970,0x00000000c4300000)
 Metaspace       used 39162K, committed 40064K, reserved 1114112K
  class space    used 3961K, committed 4352K, reserved 1048576K
}
Event: 3.052 GC heap after
{Heap after GC invocations=14 (full 2):
 PSYoungGen      total 23040K, used 994K [0x00000000eab00000, 0x00000000ec980000, 0x0000000100000000)
  eden space 22016K, 0% used [0x00000000eab00000,0x00000000eab00000,0x00000000ec080000)
  from space 1024K, 97% used [0x00000000ec580000,0x00000000ec678800,0x00000000ec680000)
  to   space 4608K, 0% used [0x00000000ec080000,0x00000000ec080000,0x00000000ec500000)
 ParOldGen       total 68608K, used 17094K [0x00000000c0000000, 0x00000000c4300000, 0x00000000eab00000)
  object space 68608K, 24% used [0x00000000c0000000,0x00000000c10b19f0,0x00000000c4300000)
 Metaspace       used 39162K, committed 40064K, reserved 1114112K
  class space    used 3961K, committed 4352K, reserved 1048576K
}
Event: 3.187 GC heap before
{Heap before GC invocations=15 (full 2):
 PSYoungGen      total 23040K, used 23010K [0x00000000eab00000, 0x00000000ec980000, 0x0000000100000000)
  eden space 22016K, 100% used [0x00000000eab00000,0x00000000ec080000,0x00000000ec080000)
  from space 1024K, 97% used [0x00000000ec580000,0x00000000ec678800,0x00000000ec680000)
  to   space 4608K, 0% used [0x00000000ec080000,0x00000000ec080000,0x00000000ec500000)
 ParOldGen       total 68608K, used 17094K [0x00000000c0000000, 0x00000000c4300000, 0x00000000eab00000)
  object space 68608K, 24% used [0x00000000c0000000,0x00000000c10b19f0,0x00000000c4300000)
 Metaspace       used 40202K, committed 41088K, reserved 1114112K
  class space    used 4059K, committed 4416K, reserved 1048576K
}
Event: 3.189 GC heap after
{Heap after GC invocations=15 (full 2):
 PSYoungGen      total 24064K, used 1950K [0x00000000eab00000, 0x00000000ec680000, 0x0000000100000000)
  eden space 22016K, 0% used [0x00000000eab00000,0x00000000eab00000,0x00000000ec080000)
  from space 2048K, 95% used [0x00000000ec080000,0x00000000ec267948,0x00000000ec280000)
  to   space 3072K, 0% used [0x00000000ec380000,0x00000000ec380000,0x00000000ec680000)
 ParOldGen       total 68608K, used 18118K [0x00000000c0000000, 0x00000000c4300000, 0x00000000eab00000)
  object space 68608K, 26% used [0x00000000c0000000,0x00000000c11b1a70,0x00000000c4300000)
 Metaspace       used 40202K, committed 41088K, reserved 1114112K
  class space    used 4059K, committed 4416K, reserved 1048576K
}
Event: 3.551 GC heap before
{Heap before GC invocations=16 (full 2):
 PSYoungGen      total 24064K, used 23932K [0x00000000eab00000, 0x00000000ec680000, 0x0000000100000000)
  eden space 22016K, 99% used [0x00000000eab00000,0x00000000ec077958,0x00000000ec080000)
  from space 2048K, 95% used [0x00000000ec080000,0x00000000ec267948,0x00000000ec280000)
  to   space 3072K, 0% used [0x00000000ec380000,0x00000000ec380000,0x00000000ec680000)
 ParOldGen       total 68608K, used 18118K [0x00000000c0000000, 0x00000000c4300000, 0x00000000eab00000)
  object space 68608K, 26% used [0x00000000c0000000,0x00000000c11b1a70,0x00000000c4300000)
 Metaspace       used 41760K, committed 42624K, reserved 1114112K
  class space    used 4247K, committed 4608K, reserved 1048576K
}
Event: 3.553 GC heap after
{Heap after GC invocations=16 (full 2):
 PSYoungGen      total 23040K, used 758K [0x00000000eab00000, 0x00000000ec480000, 0x0000000100000000)
  eden space 22016K, 0% used [0x00000000eab00000,0x00000000eab00000,0x00000000ec080000)
  from space 1024K, 74% used [0x00000000ec380000,0x00000000ec43da78,0x00000000ec480000)
  to   space 1536K, 0% used [0x00000000ec180000,0x00000000ec180000,0x00000000ec300000)
 ParOldGen       total 68608K, used 19790K [0x00000000c0000000, 0x00000000c4300000, 0x00000000eab00000)
  object space 68608K, 28% used [0x00000000c0000000,0x00000000c1353a50,0x00000000c4300000)
 Metaspace       used 41760K, committed 42624K, reserved 1114112K
  class space    used 4247K, committed 4608K, reserved 1048576K
}
Event: 3.747 GC heap before
{Heap before GC invocations=17 (full 2):
 PSYoungGen      total 23040K, used 22774K [0x00000000eab00000, 0x00000000ec480000, 0x0000000100000000)
  eden space 22016K, 100% used [0x00000000eab00000,0x00000000ec080000,0x00000000ec080000)
  from space 1024K, 74% used [0x00000000ec380000,0x00000000ec43da78,0x00000000ec480000)
  to   space 1536K, 0% used [0x00000000ec180000,0x00000000ec180000,0x00000000ec300000)
 ParOldGen       total 68608K, used 19790K [0x00000000c0000000, 0x00000000c4300000, 0x00000000eab00000)
  object space 68608K, 28% used [0x00000000c0000000,0x00000000c1353a50,0x00000000c4300000)
 Metaspace       used 42644K, committed 43520K, reserved 1114112K
  class space    used 4338K, committed 4736K, reserved 1048576K
}
Event: 3.748 GC heap after
{Heap after GC invocations=17 (full 2):
 PSYoungGen      total 23552K, used 1423K [0x00000000eab00000, 0x00000000ec480000, 0x0000000100000000)
  eden space 22016K, 0% used [0x00000000eab00000,0x00000000eab00000,0x00000000ec080000)
  from space 1536K, 92% used [0x00000000ec180000,0x00000000ec2e3cb8,0x00000000ec300000)
  to   space 1536K, 0% used [0x00000000ec300000,0x00000000ec300000,0x00000000ec480000)
 ParOldGen       total 68608K, used 20488K [0x00000000c0000000, 0x00000000c4300000, 0x00000000eab00000)
  object space 68608K, 29% used [0x00000000c0000000,0x00000000c14020f8,0x00000000c4300000)
 Metaspace       used 42644K, committed 43520K, reserved 1114112K
  class space    used 4338K, committed 4736K, reserved 1048576K
}

